-------------------------------------------------------------------------------
Test set: player.PlantingSpotTest
-------------------------------------------------------------------------------
Tests run: 8, Failures: 1, Errors: 0, Skipped: 0, Time elapsed: 0.007 s <<< FAILURE! - in null
player.PlantingSpotTest.testPlantDifferentCard  Time elapsed: 0.001 s  <<< FAILURE!
org.opentest4j.AssertionFailedError: Number of beans should not increase when planting a different card ==> expected: <1> but was: <2>
	at player.PlantingSpotTest.testPlantDifferentCard(PlantingSpotTest.java:51)

