<?xml version="1.0" encoding="UTF-8"?>
<testsuite xmlns:xsi="http://www.w3.org/2001/XMLSchema-instance" xsi:noNamespaceSchemaLocation="https://maven.apache.org/surefire/maven-surefire-plugin/xsd/surefire-test-report-3.0.xsd" version="3.0" name="game.GameControllerTest" time="0.014" tests="7" errors="7" skipped="0" failures="0">
  <properties>
[...]
</properties>
  <testcase name="testUserUpdateHandCard" classname="game.GameControllerTest" time="0.002">
    <error type="java.lang.NullPointerException"><![CDATA[java.lang.NullPointerException: Cannot invoke "game.Deck.setDeckView(view.DeckView)" because the return value of "game.Game.getDeck()" is null
	at game.GameControllerTest.setUp(GameControllerTest.java:27)
]]></error>
  </testcase>
  <testcase name="testUserClickStart" classname="game.GameControllerTest" time="0.001">
    <error type="java.lang.NullPointerException"><![CDATA[java.lang.NullPointerException: Cannot invoke "game.Deck.setDeckView(view.DeckView)" because the return value of "game.Game.getDeck()" is null
	at game.GameControllerTest.setUp(GameControllerTest.java:27)
]]></error>
  </testcase>
  <testcase name="testStart" classname="game.GameControllerTest" time="0.002">
    <error type="java.lang.NullPointerException"><![CDATA[java.lang.NullPointerException: Cannot invoke "game.Deck.setDeckView(view.DeckView)" because the return value of "game.Game.getDeck()" is null
	at game.GameControllerTest.setUp(GameControllerTest.java:27)
]]></error>
  </testcase>
  <testcase name="testUpdatePlayerInfo" classname="game.GameControllerTest" time="0.001">
    <error type="java.lang.NullPointerException"><![CDATA[java.lang.NullPointerException: Cannot invoke "game.Deck.setDeckView(view.DeckView)" because the return value of "game.Game.getDeck()" is null
	at game.GameControllerTest.setUp(GameControllerTest.java:27)
]]></error>
  </testcase>
  <testcase name="testUserActionCompleted" classname="game.GameControllerTest" time="0.001">
    <error type="java.lang.NullPointerException"><![CDATA[java.lang.NullPointerException: Cannot invoke "game.Deck.setDeckView(view.DeckView)" because the return value of "game.Game.getDeck()" is null
	at game.GameControllerTest.setUp(GameControllerTest.java:27)
]]></error>
  </testcase>
  <testcase name="testStartLessThanThree" classname="game.GameControllerTest" time="0.001">
    <error type="java.lang.NullPointerException"><![CDATA[java.lang.NullPointerException: Cannot invoke "game.Deck.setDeckView(view.DeckView)" because the return value of "game.Game.getDeck()" is null
	at game.GameControllerTest.setUp(GameControllerTest.java:27)
]]></error>
  </testcase>
  <testcase name="testUpdateGameInfo" classname="game.GameControllerTest" time="0.001">
    <error type="java.lang.NullPointerException"><![CDATA[java.lang.NullPointerException: Cannot invoke "game.Deck.setDeckView(view.DeckView)" because the return value of "game.Game.getDeck()" is null
	at game.GameControllerTest.setUp(GameControllerTest.java:27)
]]></error>
  </testcase>
</testsuite>